[2026-04-15T20:33:08.770] [DEBUG] debug-file - env: nodejsVersion=v18.20.1
[2026-04-15T20:33:09.112] [DEBUG] debug-file - Hvigor init with startParameters:{
  hvigorfileTypeCheck: false,
  parallelExecution: true,
  incrementalExecution: true,
  printStackTrace: false,
  daemon: false,
  analyze: 0,
  logLevel: Level { level: 20000, levelStr: 'INFO', colour: 'green' },
  optimizationStrategy: 'memory',
  hotCompile: undefined,
  hotReloadBuild: undefined,
  customizedParam: undefined
}
[2026-04-15T20:33:10.270] [DEBUG] debug-file - hvigorfile, require result:  { default: { system: [Function: appTasks], plugins: [] } }
[2026-04-15T20:33:10.271] [DEBUG] debug-file - Starting plugin build process
[2026-04-15T20:33:10.391] [DEBUG] debug-file - App plugin register hook start...
[2026-04-15T20:33:10.401] [DEBUG] debug-file - Start recording SDK configuration permission data.
[2026-04-15T20:33:10.392] [DEBUG] debug-file - Start initialize project's product build option map with build mode debug.
[2026-04-15T20:33:10.395] [DEBUG] debug-file - Obtain build option for product 'default'in this build.
[2026-04-15T20:33:10.448] [DEBUG] debug-file - Start initialize module-target build option map, moduleName=entry, buildMode=debug
[2026-04-15T20:33:10.437] [DEBUG] debug-file - failed to load cangjie to dynamically generate schemas: Error: Cannot find module '@ohos/cangjie-build-support/index'
Require stack:
- C:\Program Files\Huawei\DevEco Studio\tools\hvigor\hvigor-ohos-plugin\src\plugin\hooks\cangjie-register.js
- C:\Program Files\Huawei\DevEco Studio\tools\hvigor\hvigor-ohos-plugin\src\plugin\strategy\stage-init-strategy.js
- C:\Program Files\Huawei\DevEco Studio\tools\hvigor\hvigor-ohos-plugin\src\plugin\builder\abstract-plugin-builder.js
- C:\Program Files\Huawei\DevEco Studio\tools\hvigor\hvigor-ohos-plugin\src\plugin\builder\app-plugin-builder.js
- C:\Program Files\Huawei\DevEco Studio\tools\hvigor\hvigor-ohos-plugin\src\plugin\factory\plugin-factory.js
- C:\Program Files\Huawei\DevEco Studio\tools\hvigor\hvigor-ohos-plugin\index.js
- C:\Users\27843\Downloads\RingtoneKit_Codelab_\hvigorfile.ts
- C:\Program Files\Huawei\DevEco Studio\tools\hvigor\hvigor\src\base\internal\lifecycle\configuration.js
- C:\Program Files\Huawei\DevEco Studio\tools\hvigor\hvigor\src\base\boot\index.js
- C:\Program Files\Huawei\DevEco Studio\tools\hvigor\hvigor\src\cli\main\cli.js
- C:\Program Files\Huawei\DevEco Studio\tools\hvigor\hvigor\bin\hvigor.js
[2026-04-15T20:33:10.469] [DEBUG] debug-file - Start to initialize dependency information.
[2026-04-15T20:33:10.430] [DEBUG] debug-file - Project task initialization takes 5 ms 
[2026-04-15T20:33:10.454] [DEBUG] debug-file - start to load updatedOhPackageInfo to the disk
[2026-04-15T20:33:10.453] [DEBUG] debug-file - project has submodules:entry
[2026-04-15T20:33:08.771] [DEBUG] debug-file - env: hvigor-config.json5 content = {
  modelVersion: '5.0.0',
  dependencies: {},
  execution: {},
  logging: {},
  debugging: {},
  nodeOptions: {}
}
[2026-04-15T20:33:10.475] [DEBUG] debug-file - entry : clean cost memory 0.112030029296875
[2026-04-15T20:33:10.499] [DEBUG] debug-file - Create  resident worker with id: 0.
[2026-04-15T20:33:09.112] [DEBUG] debug-file - Since current hvigor version 6.22.4 differs from last hvigor version 
      undefined, delete file-cache.json and task-cache.json.
[2026-04-15T20:33:10.270] [DEBUG] debug-file - hvigorfile, binding system plugins [Function: appTasks]
[2026-04-15T20:33:10.271] [DEBUG] debug-file - App plugin prepare start...
[2026-04-15T20:33:10.391] [DEBUG] debug-file - App plugin register hook end...
[2026-04-15T20:33:10.424] [DEBUG] debug-file - Sdk init in 29 ms 
[2026-04-15T20:33:10.392] [DEBUG] debug-file - Picking option from product 'default' with build mode 'debug'.
[2026-04-15T20:33:10.396] [DEBUG] debug-file - No signingConfig found, initRemoteHspCache failed.
[2026-04-15T20:33:10.448] [DEBUG] debug-file - Target 'default' config initialized
[2026-04-15T20:33:10.470] [DEBUG] debug-file - Module entry Collected Dependency: 
[2026-04-15T20:33:10.431] [DEBUG] debug-file - hvigorfile, binding custom plugins []
[2026-04-15T20:33:10.466] [DEBUG] debug-file - load to the disk finished
[2026-04-15T20:33:08.773] [DEBUG] debug-file - env: daemon=false
[2026-04-15T20:33:10.475] [DEBUG] debug-file - runTaskFromQueue task cost before running: 1 s 369 ms 
[2026-04-15T20:33:10.500] [DEBUG] debug-file - Create  resident worker with id: 1.
[2026-04-15T20:33:09.113] [DEBUG] debug-file - Cache service initialization finished in 1 ms 
[2026-04-15T20:33:10.271] [DEBUG] debug-file - App plugin prepare end...
[2026-04-15T20:33:10.391] [DEBUG] debug-file - Plugin build process completed
[2026-04-15T20:33:10.392] [DEBUG] debug-file - Product 'default' build option initialized
[2026-04-15T20:33:10.397] [DEBUG] debug-file - Local scan or download HarmonyOS sdk components toolchains,ets,js,native,previewer
[2026-04-15T20:33:10.448] [DEBUG] debug-file - Module 'entry' target 'default' build option initialized
[2026-04-15T20:33:10.467] [DEBUG] debug-file - Start to initialize dependency information.
[2026-04-15T20:33:10.470] [DEBUG] debug-file - Module entry's total dependency: 0
[2026-04-15T20:33:10.431] [DEBUG] debug-file - hvigorfile, no custom plugins were found in C:\Users\27843\Downloads\RingtoneKit_Codelab_\hvigorfile.ts
[2026-04-15T20:33:08.773] [DEBUG] debug-file - no-daemon, use the parent process.execArgv --max-old-space-size=8192,--max-semi-space-size=16,--expose-gc
[2026-04-15T20:33:10.476] [INFO] debug-file - Finished :entry:clean... after 2 ms 
[2026-04-15T20:33:10.501] [DEBUG] debug-file - Current worker pool is stopped or closed.
[2026-04-15T20:33:09.113] [DEBUG] debug-file - hvigorfile, resolving C:\Users\27843\Downloads\RingtoneKit_Codelab_\hvigorfile.ts
[2026-04-15T20:33:10.271] [DEBUG] debug-file - App plugin creating...
[2026-04-15T20:33:10.392] [DEBUG] debug-file - End initialize project's product build option map with build mode 'debug'.
[2026-04-15T20:33:10.399] [DEBUG] debug-file - Local scan or download hmscore sdk components toolchains,ets,native
[2026-04-15T20:33:10.468] [DEBUG] debug-file - Module RingtoneKit_Codelab_ Collected Dependency: 
[2026-04-15T20:33:10.448] [DEBUG] debug-file - End initialize module-target build option map, moduleName=entry
[2026-04-15T20:33:10.431] [DEBUG] debug-file - hvigorfile, resolve finished C:\Users\27843\Downloads\RingtoneKit_Codelab_\hvigorfile.ts
[2026-04-15T20:33:10.476] [DEBUG] debug-file - Executing task ::clean
[2026-04-15T20:33:10.472] [DEBUG] debug-file - Configuration phase cost:1 s 360 ms 
[2026-04-15T20:33:10.502] [DEBUG] debug-file - Clear worker 0.
[2026-04-15T20:33:10.468] [DEBUG] debug-file - Module RingtoneKit_Codelab_'s total dependency: 0
[2026-04-15T20:33:10.431] [DEBUG] debug-file - hvigorfile, resolving C:\Users\27843\Downloads\RingtoneKit_Codelab_\entry\hvigorfile.ts
[2026-04-15T20:33:10.448] [DEBUG] debug-file - Start initialize module-target build option map, moduleName=entry, buildMode=release
[2026-04-15T20:33:10.476] [DEBUG] debug-file - clean: Worker pool is inactive.
[2026-04-15T20:33:10.474] [DEBUG] debug-file - Configuration task cost before running: 1 s 367 ms 
[2026-04-15T20:33:10.502] [DEBUG] debug-file - Worker 0 has been cleared.
[2026-04-15T20:33:10.436] [DEBUG] debug-file - hvigorfile, require result:  { default: { system: [Function: hapTasks], plugins: [] } }
[2026-04-15T20:33:10.448] [DEBUG] debug-file - Target 'default' config initialized
[2026-04-15T20:33:10.476] [DEBUG] debug-file - RingtoneKit_Codelab_ : clean cost memory 0.02021026611328125
[2026-04-15T20:33:10.474] [DEBUG] debug-file - Executing task :entry:clean
[2026-04-15T20:33:10.502] [DEBUG] debug-file - Current idle worker size: 1.
[2026-04-15T20:33:10.436] [DEBUG] debug-file - hvigorfile, binding system plugins [Function: hapTasks]
[2026-04-15T20:33:10.449] [DEBUG] debug-file - Module 'entry' target 'default' build option initialized
[2026-04-15T20:33:10.476] [DEBUG] debug-file - runTaskFromQueue task cost before running: 1 s 370 ms 
[2026-04-15T20:33:10.474] [DEBUG] debug-file - clean: Worker pool is inactive.
[2026-04-15T20:33:10.502] [DEBUG] debug-file - Current busy worker size: 0.
[2026-04-15T20:33:10.436] [DEBUG] debug-file - Starting plugin build process
[2026-04-15T20:33:10.449] [DEBUG] debug-file - End initialize module-target build option map, moduleName=entry
[2026-04-15T20:33:10.476] [INFO] debug-file - Finished ::clean... after 1 ms 
[2026-04-15T20:33:10.502] [DEBUG] debug-file - Clear worker 1.
[2026-04-15T20:33:10.436] [DEBUG] debug-file - Hap plugin creating...
[2026-04-15T20:33:10.449] [DEBUG] debug-file - Start initialize module-target build option map, moduleName=entry, buildMode=debug
[2026-04-15T20:33:10.476] [DEBUG] debug-file - Executing task :entry:init
[2026-04-15T20:33:10.502] [DEBUG] debug-file - Worker 1 has been cleared.
[2026-04-15T20:33:10.449] [DEBUG] debug-file - Target 'default' config initialized
[2026-04-15T20:33:10.476] [DEBUG] debug-file - entry : init cost memory 0.01263427734375
[2026-04-15T20:33:10.502] [DEBUG] debug-file - Current idle worker size: 0.
[2026-04-15T20:33:10.449] [DEBUG] debug-file - Module 'entry' target 'default' build option initialized
[2026-04-15T20:33:10.476] [DEBUG] debug-file - runTaskFromQueue task cost before running: 1 s 370 ms 
[2026-04-15T20:33:10.502] [DEBUG] debug-file - Current busy worker size: 0.
[2026-04-15T20:33:10.449] [DEBUG] debug-file - End initialize module-target build option map, moduleName=entry
[2026-04-15T20:33:10.477] [INFO] debug-file - Finished :entry:init... after 1 ms 
[2026-04-15T20:33:10.502] [DEBUG] debug-file - hvigor build process will be closed.
[2026-04-15T20:33:10.449] [DEBUG] debug-file - Obtain build option for module 'entry' target 'default'in this build.
[2026-04-15T20:33:10.477] [DEBUG] debug-file - Executing task ::init
[2026-04-15T20:33:10.505] [DEBUG] debug-file - worker[0] exits with exit code 0.
[2026-04-15T20:33:10.452] [DEBUG] debug-file - Module entry task initialization takes 3 ms 
[2026-04-15T20:33:10.506] [DEBUG] debug-file - worker[1] exits with exit code 0.
[2026-04-15T20:33:10.452] [DEBUG] debug-file - Hap plugin register hook start...
[2026-04-15T20:33:10.508] [DEBUG] debug-file - Current worker pool is terminated.
[2026-04-15T20:33:10.452] [DEBUG] debug-file - Hap plugin register hook end...
[2026-04-15T20:33:10.452] [DEBUG] debug-file - Plugin build process completed
[2026-04-15T20:33:10.477] [DEBUG] debug-file - RingtoneKit_Codelab_ : init cost memory 0.01141357421875
[2026-04-15T20:33:10.452] [DEBUG] debug-file - hvigorfile, binding custom plugins []
[2026-04-15T20:33:10.477] [DEBUG] debug-file - runTaskFromQueue task cost before running: 1 s 370 ms 
[2026-04-15T20:33:10.452] [DEBUG] debug-file - hvigorfile, no custom plugins were found in C:\Users\27843\Downloads\RingtoneKit_Codelab_\entry\hvigorfile.ts
[2026-04-15T20:33:10.477] [INFO] debug-file - Finished ::init... after 1 ms 
[2026-04-15T20:33:10.452] [DEBUG] debug-file - hvigorfile, resolve finished C:\Users\27843\Downloads\RingtoneKit_Codelab_\entry\hvigorfile.ts
[2026-04-15T20:33:10.493] [DEBUG] debug-file - Obtain build option for module 'entry' target 'default'in this build.
[2026-04-15T20:33:10.498] [DEBUG] debug-file - Since there is no instance or instance is terminated, create a new worker pool.
[2026-04-15T20:33:10.498] [DEBUG] debug-file - Worker pool is initialized with config:  {
  minPoolNum: 2,
  maxPoolNum: undefined,
  maxCoreSize: undefined,
  cacheCapacity: undefined,
  cacheTtl: undefined
}
[2026-04-15T20:35:06.133] [DEBUG] debug-file - env: nodejsVersion=v18.20.1
[2026-04-15T20:35:06.209] [DEBUG] debug-file - env: daemon=true
[2026-04-15T20:35:06.134] [DEBUG] debug-file - env: hvigor-config.json5 content = {
  modelVersion: '5.0.0',
  dependencies: {},
  execution: {},
  logging: {},
  debugging: {},
  nodeOptions: {}
}
[2026-04-15T20:35:06.885] [DEBUG] debug-file - java daemon tryConnect failed Error: connect ECONNREFUSED 127.0.0.1:45050
[2026-04-15T20:35:06.890] [DEBUG] debug-file - java daemon started at port 45050 pid 105396
[2026-04-15T20:35:06.917] [DEBUG] debug-file - session manager: set active socket. socketId=J66LOlXoE1--GZOcAAAB
[2026-04-15T20:35:07.669] [DEBUG] debug-file - watch worker: worker id should be larger than 0. Nothing will be sent to any worker thread.
[2026-04-15T20:35:07.672] [DEBUG] debug-file - Since there is no instance or instance is terminated, create a new worker pool.
[2026-04-15T20:35:07.673] [DEBUG] debug-file - Worker pool is initialized with config:  {
  minPoolNum: 2,
  maxPoolNum: undefined,
  maxCoreSize: undefined,
  cacheCapacity: undefined,
  cacheTtl: undefined
}
[2026-04-15T20:35:07.674] [DEBUG] debug-file - Create  resident worker with id: 0.
[2026-04-15T20:35:07.675] [DEBUG] debug-file - Create  resident worker with id: 1.
[2026-04-15T20:35:07.677] [DEBUG] debug-file - Workers' log level updated to INFO
[2026-04-15T20:35:07.681] [DEBUG] debug-file - Hvigor init with startParameters:{
  hvigorfileTypeCheck: false,
  parallelExecution: true,
  incrementalExecution: true,
  printStackTrace: false,
  daemon: true,
  analyze: 0,
  logLevel: Level { level: 20000, levelStr: 'INFO', colour: 'green' },
  optimizationStrategy: 'memory',
  hotCompile: undefined,
  hotReloadBuild: undefined,
  customizedParam: undefined
}
[2026-04-15T20:35:07.681] [DEBUG] debug-file - Cache service initialization finished in 1 ms 
[2026-04-15T20:35:07.683] [DEBUG] debug-file - hvigorfile, resolving C:\Users\27843\Downloads\RingtoneKit_Codelab_\hvigorfile.ts
[2026-04-15T20:35:08.868] [DEBUG] debug-file - hvigorfile, require result:  { default: { plugins: [] } }
[2026-04-15T20:35:08.868] [DEBUG] debug-file - hvigorfile, binding system plugins null
[2026-04-15T20:35:08.868] [DEBUG] debug-file - Starting plugin build process
[2026-04-15T20:35:08.868] [DEBUG] debug-file - App plugin prepare start...
[2026-04-15T20:35:08.869] [DEBUG] debug-file - App plugin prepare end...
[2026-04-15T20:35:08.869] [DEBUG] debug-file - App plugin creating...
[2026-04-15T20:35:08.992] [DEBUG] debug-file - App plugin register hook start...
[2026-04-15T20:35:08.992] [DEBUG] debug-file - App plugin register hook end...
[2026-04-15T20:35:08.992] [DEBUG] debug-file - Plugin build process completed
[2026-04-15T20:35:08.993] [DEBUG] debug-file - Start initialize project's product build option map with build mode debug.
[2026-04-15T20:35:08.993] [DEBUG] debug-file - Picking option from product 'default' with build mode 'debug'.
[2026-04-15T20:35:08.993] [DEBUG] debug-file - Product 'default' build option initialized
[2026-04-15T20:35:08.994] [DEBUG] debug-file - End initialize project's product build option map with build mode 'debug'.
[2026-04-15T20:35:08.995] [DEBUG] debug-file - Obtain build option for product 'default'in this build.
[2026-04-15T20:35:08.996] [DEBUG] debug-file - No signingConfig found, initRemoteHspCache failed.
[2026-04-15T20:35:08.997] [DEBUG] debug-file - Local scan or download HarmonyOS sdk components toolchains,ets,js,native,previewer
[2026-04-15T20:35:08.999] [DEBUG] debug-file - Local scan or download hmscore sdk components toolchains,ets,native
[2026-04-15T20:35:09.001] [DEBUG] debug-file - Start recording SDK configuration permission data.
[2026-04-15T20:35:09.024] [DEBUG] debug-file - Sdk init in 28 ms 
[2026-04-15T20:35:09.028] [DEBUG] debug-file - Project task initialization takes 4 ms 
[2026-04-15T20:35:09.029] [DEBUG] debug-file - hvigorfile, binding custom plugins []
[2026-04-15T20:35:09.029] [DEBUG] debug-file - hvigorfile, no custom plugins were found in C:\Users\27843\Downloads\RingtoneKit_Codelab_\hvigorfile.ts
[2026-04-15T20:35:09.029] [DEBUG] debug-file - hvigorfile, resolve finished C:\Users\27843\Downloads\RingtoneKit_Codelab_\hvigorfile.ts
[2026-04-15T20:35:09.029] [DEBUG] debug-file - hvigorfile, resolving C:\Users\27843\Downloads\RingtoneKit_Codelab_\entry\hvigorfile.ts
[2026-04-15T20:35:09.034] [DEBUG] debug-file - hvigorfile, require result:  { default: { plugins: [] } }
[2026-04-15T20:35:09.034] [DEBUG] debug-file - hvigorfile, binding system plugins null
[2026-04-15T20:35:09.034] [DEBUG] debug-file - Starting plugin build process
[2026-04-15T20:35:09.034] [DEBUG] debug-file - Hap plugin creating...
[2026-04-15T20:35:09.035] [DEBUG] debug-file - failed to load cangjie to dynamically generate schemas: Error: Cannot find module '@ohos/cangjie-build-support/index'
Require stack:
- C:\Program Files\Huawei\DevEco Studio\tools\hvigor\hvigor-ohos-plugin\src\plugin\hooks\cangjie-register.js
- C:\Program Files\Huawei\DevEco Studio\tools\hvigor\hvigor-ohos-plugin\src\plugin\strategy\stage-init-strategy.js
- C:\Program Files\Huawei\DevEco Studio\tools\hvigor\hvigor-ohos-plugin\src\plugin\builder\abstract-plugin-builder.js
- C:\Program Files\Huawei\DevEco Studio\tools\hvigor\hvigor-ohos-plugin\src\plugin\builder\app-plugin-builder.js
- C:\Program Files\Huawei\DevEco Studio\tools\hvigor\hvigor-ohos-plugin\src\plugin\factory\plugin-factory.js
- C:\Program Files\Huawei\DevEco Studio\tools\hvigor\hvigor-ohos-plugin\index.js
- C:\Users\27843\Downloads\RingtoneKit_Codelab_\hvigorfile.ts
- C:\Program Files\Huawei\DevEco Studio\tools\hvigor\hvigor\src\base\internal\lifecycle\configuration.js
- C:\Program Files\Huawei\DevEco Studio\tools\hvigor\hvigor\src\base\boot\index.js
- C:\Program Files\Huawei\DevEco Studio\tools\hvigor\hvigor\src\base\daemon\cluster\worker-process-lifecycle.js
- C:\Program Files\Huawei\DevEco Studio\tools\hvigor\hvigor\src\base\daemon\process\daemon-process-boot-script.js
[2026-04-15T20:35:09.045] [DEBUG] debug-file - Start initialize module-target build option map, moduleName=entry, buildMode=debug
[2026-04-15T20:35:09.045] [DEBUG] debug-file - Target 'default' config initialized
[2026-04-15T20:35:09.045] [DEBUG] debug-file - Module 'entry' target 'default' build option initialized
[2026-04-15T20:35:09.045] [DEBUG] debug-file - End initialize module-target build option map, moduleName=entry
[2026-04-15T20:35:09.045] [DEBUG] debug-file - Start initialize module-target build option map, moduleName=entry, buildMode=release
[2026-04-15T20:35:09.045] [DEBUG] debug-file - Target 'default' config initialized
[2026-04-15T20:35:09.047] [DEBUG] debug-file - Module 'entry' target 'default' build option initialized
[2026-04-15T20:35:09.047] [DEBUG] debug-file - End initialize module-target build option map, moduleName=entry
[2026-04-15T20:35:09.047] [DEBUG] debug-file - Start initialize module-target build option map, moduleName=entry, buildMode=debug
[2026-04-15T20:35:09.047] [DEBUG] debug-file - Target 'default' config initialized
[2026-04-15T20:35:09.047] [DEBUG] debug-file - Module 'entry' target 'default' build option initialized
[2026-04-15T20:35:09.047] [DEBUG] debug-file - End initialize module-target build option map, moduleName=entry
[2026-04-15T20:35:09.048] [DEBUG] debug-file - Obtain build option for module 'entry' target 'default'in this build.
[2026-04-15T20:35:09.051] [DEBUG] debug-file - Module entry task initialization takes 3 ms 
[2026-04-15T20:35:09.051] [DEBUG] debug-file - Hap plugin register hook start...
[2026-04-15T20:35:09.051] [DEBUG] debug-file - Hap plugin register hook end...
[2026-04-15T20:35:09.051] [DEBUG] debug-file - Plugin build process completed
[2026-04-15T20:35:09.051] [DEBUG] debug-file - hvigorfile, binding custom plugins []
[2026-04-15T20:35:09.051] [DEBUG] debug-file - hvigorfile, no custom plugins were found in C:\Users\27843\Downloads\RingtoneKit_Codelab_\entry\hvigorfile.ts
[2026-04-15T20:35:09.051] [DEBUG] debug-file - hvigorfile, resolve finished C:\Users\27843\Downloads\RingtoneKit_Codelab_\entry\hvigorfile.ts
[2026-04-15T20:35:09.099] [DEBUG] debug-file - hvigorfile, resolve hvigorfile dependencies in 48 ms 
[2026-04-15T20:35:09.099] [DEBUG] debug-file - project has submodules:entry
[2026-04-15T20:35:09.101] [DEBUG] debug-file - start to load updatedOhPackageInfo to the disk
[2026-04-15T20:35:09.104] [DEBUG] debug-file - load to the disk finished
[2026-04-15T20:35:09.105] [DEBUG] debug-file - Start to initialize dependency information.
[2026-04-15T20:35:09.106] [DEBUG] debug-file - Module RingtoneKit_Codelab_ Collected Dependency: 
[2026-04-15T20:35:09.107] [DEBUG] debug-file - Module RingtoneKit_Codelab_'s total dependency: 0
[2026-04-15T20:35:09.107] [DEBUG] debug-file - Start to initialize dependency information.
[2026-04-15T20:35:09.109] [DEBUG] debug-file - Module entry Collected Dependency: 
[2026-04-15T20:35:09.109] [DEBUG] debug-file - Module entry's total dependency: 0
[2026-04-15T20:35:09.112] [DEBUG] debug-file - Configuration phase cost:1 s 430 ms 
[2026-04-15T20:35:09.113] [DEBUG] debug-file - Configuration task cost before running: 1 s 437 ms 
[2026-04-15T20:35:09.117] [DEBUG] debug-file - Executing task :entry:default@PreBuild
[2026-04-15T20:35:09.118] [WARN] debug-file - The project has not explicitly set the 'targetSdkVersion' version at build-profile.json5. It is recommended to configure it. Reference: https://developer.huawei.com/consumer/cn/doc/harmonyos-guides/ide-hvigor-build-profile-app#section45865492619
[2026-04-15T20:35:09.118] [DEBUG] debug-file - Task 'entry:default@PreBuild' cost while wrapping incremental declarations: 1 ms 
[2026-04-15T20:35:09.206] [DEBUG] debug-file - current product is not Atomic service.
[2026-04-15T20:35:09.206] [DEBUG] debug-file - Use tool [win32: JAVA_HOME, CLASSPATH]
 [
  { JAVA_HOME: 'C:\\Program Files\\Huawei\\DevEco Studio\\jbr' },
  { CLASSPATH: undefined }
]
[2026-04-15T20:35:09.207] [DEBUG] debug-file - Use tool [win32: NODE_HOME]
 [
  {
    NODE_HOME: 'C:\\Program Files\\Huawei\\DevEco Studio\\tools\\node'
  }
]
[2026-04-15T20:35:09.208] [DEBUG] debug-file - entry : default@PreBuild cost memory 11.1322021484375
[2026-04-15T20:35:09.208] [DEBUG] debug-file - runTaskFromQueue task cost before running: 1 s 531 ms 
[2026-04-15T20:35:09.209] [INFO] debug-file - Finished :entry:default@PreBuild... after 91 ms 
[2026-04-15T20:35:09.210] [DEBUG] debug-file - Executing task :entry:default@CreateModuleInfo
[2026-04-15T20:35:09.210] [DEBUG] debug-file - Task 'entry:default@CreateModuleInfo' cost while wrapping incremental declarations: 1 ms 
[2026-04-15T20:35:09.211] [DEBUG] debug-file - entry : default@CreateModuleInfo cost memory 0.0429534912109375
[2026-04-15T20:35:09.211] [DEBUG] debug-file - runTaskFromQueue task cost before running: 1 s 534 ms 
[2026-04-15T20:35:09.211] [INFO] debug-file - Finished :entry:default@CreateModuleInfo... after 1 ms 
[2026-04-15T20:35:09.212] [DEBUG] debug-file - Executing task :entry:default@GenerateMetadata
[2026-04-15T20:35:09.212] [DEBUG] debug-file - Task 'entry:default@GenerateMetadata' cost while wrapping incremental declarations: 1 ms 
[2026-04-15T20:35:09.215] [DEBUG] debug-file - entry : default@GenerateMetadata cost memory 0.0661773681640625
[2026-04-15T20:35:09.215] [DEBUG] debug-file - runTaskFromQueue task cost before running: 1 s 538 ms 
[2026-04-15T20:35:09.215] [INFO] debug-file - Finished :entry:default@GenerateMetadata... after 3 ms 
[2026-04-15T20:35:09.216] [DEBUG] debug-file - Executing task :entry:default@ConfigureCmake
[2026-04-15T20:35:09.216] [DEBUG] debug-file - entry : default@ConfigureCmake cost memory 0.01448822021484375
[2026-04-15T20:35:09.216] [DEBUG] debug-file - runTaskFromQueue task cost before running: 1 s 539 ms 
[2026-04-15T20:35:09.216] [INFO] debug-file - Finished :entry:default@ConfigureCmake... after 1 ms 
[2026-04-15T20:35:09.217] [DEBUG] debug-file - Executing task :entry:default@MergeProfile
[2026-04-15T20:35:09.217] [DEBUG] debug-file - Task 'entry:default@MergeProfile' cost while wrapping incremental declarations: 1 ms 
[2026-04-15T20:35:09.218] [DEBUG] debug-file - Change app api release type with 'Release'
[2026-04-15T20:35:09.218] [DEBUG] debug-file - Change app compile API version with '6.0.2.130'
[2026-04-15T20:35:09.218] [DEBUG] debug-file - Change app target API version with '60002022'
[2026-04-15T20:35:09.218] [DEBUG] debug-file - Change app minimum API version with '50000012'
[2026-04-15T20:35:09.218] [DEBUG] debug-file - Use cli appEnvironment
[2026-04-15T20:35:09.220] [DEBUG] debug-file - entry : default@MergeProfile cost memory 0.14943695068359375
[2026-04-15T20:35:09.220] [DEBUG] debug-file - runTaskFromQueue task cost before running: 1 s 543 ms 
[2026-04-15T20:35:09.220] [INFO] debug-file - Finished :entry:default@MergeProfile... after 4 ms 
[2026-04-15T20:35:09.221] [DEBUG] debug-file - Executing task :entry:default@CreateBuildProfile
[2026-04-15T20:35:09.222] [DEBUG] debug-file - Task 'entry:default@CreateBuildProfile' cost while wrapping incremental declarations: 1 ms 
[2026-04-15T20:35:09.223] [DEBUG] debug-file - entry : default@CreateBuildProfile cost memory 0.0687255859375
[2026-04-15T20:35:09.224] [DEBUG] debug-file - runTaskFromQueue task cost before running: 1 s 547 ms 
[2026-04-15T20:35:09.224] [INFO] debug-file - Finished :entry:default@CreateBuildProfile... after 3 ms 
[2026-04-15T20:35:09.224] [DEBUG] debug-file - Executing task :entry:default@PreCheckSyscap
[2026-04-15T20:35:09.225] [DEBUG] debug-file - entry : default@PreCheckSyscap cost memory 0.0147247314453125
[2026-04-15T20:35:09.225] [DEBUG] debug-file - runTaskFromQueue task cost before running: 1 s 548 ms 
[2026-04-15T20:35:09.225] [INFO] debug-file - Finished :entry:default@PreCheckSyscap... after 1 ms 
[2026-04-15T20:35:09.226] [DEBUG] debug-file - Executing task :entry:default@GeneratePkgContextInfo
[2026-04-15T20:35:09.232] [DEBUG] debug-file - Task 'entry:default@GeneratePkgContextInfo' cost while wrapping incremental declarations: 1 ms 
[2026-04-15T20:35:09.232] [DEBUG] debug-file - entry : default@GeneratePkgContextInfo cost memory 0.47168731689453125
[2026-04-15T20:35:09.232] [DEBUG] debug-file - runTaskFromQueue task cost before running: 1 s 556 ms 
[2026-04-15T20:35:09.232] [INFO] debug-file - Finished :entry:default@GeneratePkgContextInfo... after 6 ms 
[2026-04-15T20:35:09.235] [DEBUG] debug-file - Executing task :entry:default@ProcessIntegratedHsp
[2026-04-15T20:35:09.235] [DEBUG] debug-file - entry : default@ProcessIntegratedHsp cost memory 0.0305328369140625
[2026-04-15T20:35:09.235] [DEBUG] debug-file - runTaskFromQueue task cost before running: 1 s 559 ms 
[2026-04-15T20:35:09.235] [INFO] debug-file - Finished :entry:default@ProcessIntegratedHsp... after 1 ms 
[2026-04-15T20:35:09.236] [DEBUG] debug-file - Executing task :entry:default@BuildNativeWithCmake
[2026-04-15T20:35:09.237] [DEBUG] debug-file - entry : default@BuildNativeWithCmake cost memory 0.0148773193359375
[2026-04-15T20:35:09.237] [DEBUG] debug-file - runTaskFromQueue task cost before running: 1 s 560 ms 
[2026-04-15T20:35:09.237] [INFO] debug-file - Finished :entry:default@BuildNativeWithCmake... after 1 ms 
[2026-04-15T20:35:09.237] [DEBUG] debug-file - Executing task :entry:default@MakePackInfo
[2026-04-15T20:35:09.238] [DEBUG] debug-file - Module Pack Info:  {
  summary: {
    app: { bundleName: 'c***n', bundleType: 'app', version: [Object] },
    modules: [ [Object] ]
  },
  packages: [
    {
      deviceType: [Array],
      moduleType: 'entry',
      deliveryWithInstall: true,
      name: 'entry-default'
    }
  ]
}
[2026-04-15T20:35:09.240] [DEBUG] debug-file - entry : default@MakePackInfo cost memory 0.10094451904296875
[2026-04-15T20:35:09.240] [DEBUG] debug-file - runTaskFromQueue task cost before running: 1 s 563 ms 
[2026-04-15T20:35:09.240] [INFO] debug-file - Finished :entry:default@MakePackInfo... after 3 ms 
[2026-04-15T20:35:09.241] [DEBUG] debug-file - Executing task :entry:default@SyscapTransform
[2026-04-15T20:35:09.241] [DEBUG] debug-file - File: 'C:\Users\27843\Downloads\RingtoneKit_Codelab_\entry\src\main\syscap.json' from 'sysCapJsonPath' is not exists, just ignore.
[2026-04-15T20:35:09.242] [DEBUG] debug-file - Task 'entry:default@SyscapTransform' cost while wrapping incremental declarations: 1 ms 
[2026-04-15T20:35:09.242] [DEBUG] debug-file - entry : default@SyscapTransform cost memory 0.0550079345703125
[2026-04-15T20:35:09.242] [DEBUG] debug-file - runTaskFromQueue task cost before running: 1 s 566 ms 
[2026-04-15T20:35:09.242] [INFO] debug-file - Finished :entry:default@SyscapTransform... after 2 ms 
[2026-04-15T20:35:09.244] [DEBUG] debug-file - Executing task :entry:default@ProcessProfile
[2026-04-15T20:35:09.244] [DEBUG] debug-file - Task 'entry:default@ProcessProfile' cost while wrapping incremental declarations: 1 ms 
[2026-04-15T20:35:09.246] [DEBUG] debug-file - [
  'C:\\Program Files\\Huawei\\DevEco Studio\\tools\\node\\node.exe',
  'C:\\Program Files\\Huawei\\DevEco Studio\\sdk\\default\\openharmony\\ets\\build-tools\\ets-loader\\bin\\ark\\ts2abc.js',
  '--target-api-version',
  '12',
  '--target-api-sub-version',
  'beta1'
]
[2026-04-15T20:35:09.319] [DEBUG] debug-file - 12.0.2.0
[2026-04-15T20:35:09.322] [DEBUG] debug-file - No need to add fake ui ability because of not in preview process.
[2026-04-15T20:35:09.323] [DEBUG] debug-file - entry : default@ProcessProfile cost memory 2.2143707275390625
[2026-04-15T20:35:09.323] [DEBUG] debug-file - runTaskFromQueue task cost before running: 1 s 646 ms 
[2026-04-15T20:35:09.323] [INFO] debug-file - Finished :entry:default@ProcessProfile... after 80 ms 
[2026-04-15T20:35:09.324] [DEBUG] debug-file - Executing task :entry:default@ProcessRouterMap
[2026-04-15T20:35:09.326] [DEBUG] debug-file - entry : default@ProcessRouterMap cost memory 0.0897369384765625
[2026-04-15T20:35:09.326] [DEBUG] debug-file - runTaskFromQueue task cost before running: 1 s 650 ms 
[2026-04-15T20:35:09.327] [INFO] debug-file - Finished :entry:default@ProcessRouterMap... after 3 ms 
[2026-04-15T20:35:09.328] [DEBUG] debug-file - Executing task :entry:default@ProcessShareConfig
[2026-04-15T20:35:09.329] [DEBUG] debug-file - entry : default@ProcessShareConfig cost memory 0.0704345703125
[2026-04-15T20:35:09.329] [DEBUG] debug-file - runTaskFromQueue task cost before running: 1 s 653 ms 
[2026-04-15T20:35:09.330] [INFO] debug-file - Finished :entry:default@ProcessShareConfig... after 2 ms 
[2026-04-15T20:35:09.331] [DEBUG] debug-file - Executing task :entry:default@ProcessStartupConfig
[2026-04-15T20:35:09.331] [DEBUG] debug-file - Task 'entry:default@ProcessStartupConfig' cost while wrapping incremental declarations: 1 ms 
[2026-04-15T20:35:09.332] [DEBUG] debug-file - entry : default@ProcessStartupConfig cost memory 0.063873291015625
[2026-04-15T20:35:09.332] [DEBUG] debug-file - runTaskFromQueue task cost before running: 1 s 655 ms 
[2026-04-15T20:35:09.332] [INFO] debug-file - Finished :entry:default@ProcessStartupConfig... after 1 ms 
[2026-04-15T20:35:09.333] [DEBUG] debug-file - Executing task :entry:default@BuildNativeWithNinja
[2026-04-15T20:35:09.334] [DEBUG] debug-file - entry : default@BuildNativeWithNinja cost memory 0.02822113037109375
[2026-04-15T20:35:09.334] [DEBUG] debug-file - runTaskFromQueue task cost before running: 1 s 657 ms 
[2026-04-15T20:35:09.334] [INFO] debug-file - Finished :entry:default@BuildNativeWithNinja... after 2 ms 
[2026-04-15T20:35:09.335] [DEBUG] debug-file - restool module names: entry; moduleName=entry, taskName=default@ProcessResource
[2026-04-15T20:35:09.337] [DEBUG] debug-file - Executing task :entry:default@ProcessResource
[2026-04-15T20:35:09.337] [DEBUG] debug-file - Task 'entry:default@ProcessResource' cost while wrapping incremental declarations: 1 ms 
[2026-04-15T20:35:09.338] [DEBUG] debug-file - entry : default@ProcessResource cost memory 0.1251373291015625
[2026-04-15T20:35:09.339] [DEBUG] debug-file - runTaskFromQueue task cost before running: 1 s 662 ms 
[2026-04-15T20:35:09.340] [INFO] debug-file - Finished :entry:default@ProcessResource... after 3 ms 
[2026-04-15T20:35:09.341] [DEBUG] debug-file - Executing task :entry:default@GenerateLoaderJson
[2026-04-15T20:35:09.344] [DEBUG] debug-file - Task 'entry:default@GenerateLoaderJson' cost while wrapping incremental declarations: 3 ms 
[2026-04-15T20:35:09.351] [DEBUG] debug-file - entry : default@GenerateLoaderJson cost memory -10.229751586914062
[2026-04-15T20:35:09.351] [DEBUG] debug-file - runTaskFromQueue task cost before running: 1 s 674 ms 
[2026-04-15T20:35:09.352] [INFO] debug-file - Finished :entry:default@GenerateLoaderJson... after 10 ms 
[2026-04-15T20:35:09.353] [DEBUG] debug-file - Executing task :entry:default@ProcessLibs
[2026-04-15T20:35:09.357] [DEBUG] debug-file - Worker dispatch failed, running processLibs on main thread.
[2026-04-15T20:35:09.358] [DEBUG] debug-file - entry : default@ProcessLibs cost memory 0.4074859619140625
[2026-04-15T20:35:09.358] [DEBUG] debug-file - runTaskFromQueue task cost before running: 1 s 682 ms 
[2026-04-15T20:35:09.359] [INFO] debug-file - Finished :entry:default@ProcessLibs... after 5 ms 
[2026-04-15T20:35:09.359] [DEBUG] debug-file - restool module names: entry; moduleName=entry, taskName=default@CompileResource
[2026-04-15T20:35:09.360] [DEBUG] debug-file - Executing task :entry:default@CompileResource
[2026-04-15T20:35:09.428] [DEBUG] debug-file - Use tool [C:\Program Files\Huawei\DevEco Studio\sdk\default\openharmony\toolchains\restool.exe]
 [
  'C:\\Program Files\\Huawei\\DevEco Studio\\sdk\\default\\openharmony\\toolchains\\restool.exe',
  '-l',
  'C:\\Users\\27843\\Downloads\\RingtoneKit_Codelab_\\entry\\build\\default\\intermediates\\res\\default\\resConfig.json'
]
[2026-04-15T20:35:09.429] [DEBUG] debug-file - current process  memoryUsage: {
  rss: 290955264,
  heapTotal: 182423552,
  heapUsed: 160622832,
  external: 3437079,
  arrayBuffers: 535883
} os memoryUsage :18.390567779541016
[2026-04-15T20:35:09.479] [DEBUG] debug-file - Info: Pack: normal pack mode

[2026-04-15T20:35:09.544] [DEBUG] debug-file - Info: hardware concurrency count is : 32
Info: thread count is : 32

[2026-04-15T20:35:09.545] [DEBUG] debug-file - Info: thread pool is started

[2026-04-15T20:35:09.546] [DEBUG] debug-file - Info: GenericCompiler::CompileFiles

[2026-04-15T20:35:09.551] [DEBUG] debug-file - Info: GenericCompiler::CompileFiles

[2026-04-15T20:35:09.553] [DEBUG] debug-file - Info: GenericCompiler::CompileFiles

[2026-04-15T20:35:09.558] [DEBUG] debug-file - 04-15 20:35:09.558 26292 103896 E C01400/ImageTranscoderUtils: DecodeToRGBA IN
04-15 20:35:09.558 26292 103896 E C01400/ImageTranscoderUtils: ImageFilter IN C:\Users\27843\Downloads\RingtoneKit_Codelab_\AppScope\resources\base\media\app_icon.png

[2026-04-15T20:35:09.563] [DEBUG] debug-file - 04-15 20:35:09.563 26292 103896 E C01400/ImageTranscoder: TranscodeSLR Only zoom-out is supported.

[2026-04-15T20:35:09.563] [DEBUG] debug-file - Warning: ScaleImage failed, error message: INVALID_PARAMETERS, file path = C:\Users\27843\Downloads\RingtoneKit_Codelab_\AppScope\resources\base\media\app_icon.png

[2026-04-15T20:35:09.565] [DEBUG] debug-file - 04-15 20:35:09.565 26292 103896 E C01400/ImageTranscoderUtils: DecodeToRGBA IN
04-15 20:35:09.565 26292 103896 E C01400/ImageTranscoderUtils: ImageFilter IN C:\Users\27843\Downloads\RingtoneKit_Codelab_\entry\src\main\resources\base\media\icon.png

[2026-04-15T20:35:09.565] [DEBUG] debug-file - 04-15 20:35:09.565 26292 103896 E C01400/ImageTranscoder: TranscodeSLR Only zoom-out is supported.
Warning: ScaleImage failed, error message: INVALID_PARAMETERS, file path = C:\Users\27843\Downloads\RingtoneKit_Codelab_\entry\src\main\resources\base\media\icon.png

[2026-04-15T20:35:09.568] [DEBUG] debug-file - Info: restool resources compile success.

[2026-04-15T20:35:09.568] [DEBUG] debug-file - Info: thread pool is stopped

[2026-04-15T20:35:09.630] [DEBUG] debug-file - entry : default@CompileResource cost memory -25.384986877441406
[2026-04-15T20:35:09.630] [DEBUG] debug-file - runTaskFromQueue task cost before running: 1 s 953 ms 
[2026-04-15T20:35:09.630] [INFO] debug-file - Finished :entry:default@CompileResource... after 270 ms 
[2026-04-15T20:35:09.631] [DEBUG] debug-file - Executing task :entry:default@DoNativeStrip
[2026-04-15T20:35:09.631] [DEBUG] debug-file - Task 'entry:default@DoNativeStrip' cost while wrapping incremental declarations: 1 ms 
[2026-04-15T20:35:09.633] [DEBUG] debug-file - entry : default@DoNativeStrip cost memory 0.072784423828125
[2026-04-15T20:35:09.633] [DEBUG] debug-file - runTaskFromQueue task cost before running: 1 s 957 ms 
[2026-04-15T20:35:09.633] [INFO] debug-file - Finished :entry:default@DoNativeStrip... after 2 ms 
[2026-04-15T20:35:09.634] [DEBUG] debug-file - Executing task :entry:default@CompileArkTS
[2026-04-15T20:35:09.635] [DEBUG] debug-file - obfuscationOptions: undefined
[2026-04-15T20:35:09.635] [DEBUG] debug-file - Task 'entry:default@CompileArkTS' cost while wrapping incremental declarations: 1 ms 
[2026-04-15T20:35:09.644] [DEBUG] debug-file - build config:
[2026-04-15T20:35:09.645] [DEBUG] debug-file - {
  moduleType: 'entry',
  perf: 0,
  targetName: '.default',
  packageManagerType: 'ohpm',
  localPropertiesPath: 'C:\\Users\\27843\\Downloads\\RingtoneKit_Codelab_\\local.properties',
  isPreview: false,
  isOhosTest: false,
  isLocalTest: false,
  buildMode: 'Debug',
  hotReloadBuild: undefined,
  watchMode: 'false',
  aceProfilePath: 'C:\\Users\\27843\\Downloads\\RingtoneKit_Codelab_\\entry\\build\\default\\intermediates\\res\\default\\resources\\base\\profile',
  etsLoaderPath: 'C:\\Program Files\\Huawei\\DevEco Studio\\sdk\\default\\openharmony\\ets\\build-tools\\ets-loader',
  modulePath: 'C:\\Users\\27843\\Downloads\\RingtoneKit_Codelab_\\entry',
  testFrameworkPar: {
    testMode: undefined,
    coveragePathFilter: undefined,
    coverageMode: undefined
  },
  needCoverageInsert: false,
  debugLine: false,
  projectTopDir: 'C:\\Users\\27843\\Downloads\\RingtoneKit_Codelab_',
  compileSdkVersion: 22,
  compatibleSdkVersion: 12,
  originCompatibleSdkVersion: '5.0.0(12)',
  compatibleSdkVersionStage: 'beta1',
  bundleName: 'c***n',
  etsLoaderVersion: '6.0.2.130',
  etsLoaderReleaseType: 'Release',
  aotCompileMode: 'type',
  apPath: 'C:\\Users\\27843\\Downloads\\RingtoneKit_Codelab_\\entry\\modules.ap',
  entryModuleName: 'entry',
  entryModuleVersion: '1.0.0',
  entryPackageName: 'entry',
  allModuleNameHash: 'db44f8a8a620383b923efb1105d6d0eb296559a94ef72a4510286f2511f87786',
  externalApiPaths: [
    'C:\\Program Files\\Huawei\\DevEco Studio\\sdk\\default\\hms\\ets'
  ],
  compilerTypes: [],
  isCrossplatform: false,
  hvigorPluginFile: undefined,
  compilePluginPath: undefined,
  buildGeneratedProfilePath: 'C:\\Users\\27843\\Downloads\\RingtoneKit_Codelab_\\entry\\build\\default\\generated\\profile\\default',
  bundleType: 'app',
  arkTSVersion: undefined,
  apiVersion: 22,
  needCompleteSourcesMap: false,
  isFaMode: false,
  buildDir: 'C:\\Users\\27843\\Downloads\\RingtoneKit_Codelab_\\entry\\build',
  deviceTypes: [ 'phone', 'tablet' ],
  pkgContextInfo: undefined,
  ohPackagePathMap: {},
  dependencyAliasMap: {},
  permission: { requestPermissions: undefined, definePermissions: undefined },
  useGetCurrentBundleName: false,
  projectArkOption: undefined,
  sourceMapDir: undefined,
  branchElimination: false,
  transformLib: undefined,
  tsImportSendable: false,
  resolveConflictMode: true,
  depName2RootPath: {},
  depName2DepInfo: {},
  rootPathSet: [ 'C:\\Users\\27843\\Downloads\\RingtoneKit_Codelab_' ],
  useNativeResolver: true,
  shouldEmitJs: true,
  useTscResolve: false,
  singleFileEmit: false,
  userProjectConfig: {
    autoLazyImport: false,
    allowEmptyBundleName: false,
    reExportCheckMode: 'noCheck',
    executionMode: 'memory',
    usePathPlaceholder: false,
    writeRollupCache: true,
    isExpandImportEnabled: false,
    expandImportExclude: '',
    lazyImportExclude: '',
    lazyImportInclude: '',
    ignoreCrossplatformCheck: false,
    isHarDeduplicateEnabled: false,
    skipOhModulesLint: false,
    enableStrictCheckOHModule: false,
    disableSendableCheckRules: [],
    useDeclarationFileSignature: false,
    customizedOptions: undefined,
    integratedHsp: false,
    isPreloadSoEnabled: false
  },
  executionMode: 'memory',
  arkCompileCachePath: 'C:\\Users\\27843\\Downloads\\RingtoneKit_Codelab_\\entry\\build\\default\\cache\\default\\default@CompileArkTS\\esmodule',
  autoLazyFilter: undefined,
  isHarDeduplicateEnabled: false,
  intermediateHarDuplicateDirPath: 'C:\\Users\\27843\\Downloads\\RingtoneKit_Codelab_\\entry\\build\\default\\intermediates\\har_duplicate\\default',
  autoLazyImport: false,
  allowEmptyBundleName: false,
  reExportCheckMode: 'noCheck',
  usePathPlaceholder: false,
  writeRollupCache: true,
  isExpandImportEnabled: false,
  expandImportExclude: '',
  lazyImportExclude: '',
  lazyImportInclude: '',
  ignoreCrossplatformCheck: false,
  skipOhModulesLint: false,
  enableStrictCheckOHModule: false,
  disableSendableCheckRules: [],
  useDeclarationFileSignature: false,
  customizedOptions: undefined,
  integratedHsp: false,
  isPreloadSoEnabled: false,
  strictMode: undefined,
  useNormalizedOHMUrl: false,
  caseSensitiveCheck: false,
  aceModuleJsonPath: 'C:\\Users\\27843\\Downloads\\RingtoneKit_Codelab_\\entry\\build\\default\\intermediates\\res\\default\\ark_module.json',
  appResource: 'C:\\Users\\27843\\Downloads\\RingtoneKit_Codelab_\\entry\\build\\default\\intermediates\\res\\default\\ResourceTable.txt',
  rawFileResource: 'C:\\Users\\27843\\Downloads\\RingtoneKit_Codelab_\\entry\\build\\default\\intermediates\\res\\default\\resources\\rawfile',
  resourceTableHash: '0a5e461b8cc472af07d60289bf2402599b7c63db39b7448590c7effc1f3dc134',
  runtimeOS: 'HarmonyOS',
  sdkInfo: 'false:22:6.0.2.130:Release',
  aceModuleRoot: 'C:\\Users\\27843\\Downloads\\RingtoneKit_Codelab_\\entry\\src\\main\\ets',
  compileMode: 'esmodule',
  aceSuperVisualPath: 'C:\\Users\\27843\\Downloads\\RingtoneKit_Codelab_\\entry\\src\\main\\supervisual',
  aceBuildJson: 'C:\\Users\\27843\\Downloads\\RingtoneKit_Codelab_\\entry\\build\\default\\intermediates\\loader\\default\\loader.json',
  cachePath: 'C:\\Users\\27843\\Downloads\\RingtoneKit_Codelab_\\entry\\build\\default\\cache\\default\\default@CompileArkTS\\esmodule\\debug',
  aceModuleBuild: 'C:\\Users\\27843\\Downloads\\RingtoneKit_Codelab_\\entry\\build\\default\\intermediates\\loader_out\\default\\ets',
  supportChunks: true,
  declaredFilesPath: undefined,
  shouldCollectDirectImportees: false,
  isByteCodeHarOptimize: false,
  expandImportPath: undefined,
  pkgNameToPkgBriefInfo: {
    entry: {
      pkgRoot: 'C:\\Users\\27843\\Downloads\\RingtoneKit_Codelab_\\entry',
      originalSourceRoots: undefined,
      sourceRoots: [Array],
      pkgName: 'entry'
    }
  },
  projectModel: {
    'C:\\Users\\27843\\Downloads\\RingtoneKit_Codelab_\\entry\\src\\main': {
      moduleName: 'entry',
      modulePkgPath: 'C:\\Users\\27843\\Downloads\\RingtoneKit_Codelab_\\entry',
      belongProjectPath: 'C:\\Users\\27843\\Downloads\\RingtoneKit_Codelab_'
    },
    'C:\\Users\\27843\\Downloads\\RingtoneKit_Codelab_\\entry': {
      moduleName: 'entry',
      modulePkgPath: 'C:\\Users\\27843\\Downloads\\RingtoneKit_Codelab_\\entry',
      belongProjectPath: 'C:\\Users\\27843\\Downloads\\RingtoneKit_Codelab_'
    },
    'C:\\Users\\27843\\Downloads\\RingtoneKit_Codelab_': {
      moduleName: 'RingtoneKit_Codelab_',
      modulePkgPath: 'C:\\Users\\27843\\Downloads\\RingtoneKit_Codelab_',
      belongProjectPath: 'C:\\Users\\27843\\Downloads\\RingtoneKit_Codelab_'
    }
  },
  pkgJsonFileHash: '2d3aabe892cb47a8d32dc51369771e7583ba0b181fb1299d8dac661ceb735d99',
  allModulePaths: [ 'C:\\Users\\27843\\Downloads\\RingtoneKit_Codelab_\\entry' ],
  routerMap: {},
  obfuscationOptions: undefined,
  byteCodeHarToDependencyKeys: undefined,
  compileBlockPkg: [],
  mockParams: {
    decorator: '@MockSetup',
    packageName: '@ohos/hamock',
    etsSourceRootPath: 'src/main/ets',
    mockConfigPath: undefined,
    mockConfigKey2ModuleInfo: {},
    source2ModuleIdMap: {}
  },
  copyCodeResourceEnable: true,
  copyCodeResourceExcludes: [],
  copyCodeResourceIncludes: undefined,
  uiTransformOptimization: false,
  sdkPath: 'C:/Program Files/Huawei/DevEco Studio/sdk',
  needPreloadSoFileSet: {},
  preloadSoFilePath: 'C:\\Users\\27843\\Downloads\\RingtoneKit_Codelab_\\entry\\build\\default\\intermediates\\preload\\default\\preload.json',
  useSourceHash: false,
  localModuleParamMap: {},
  otherPaths: {
    'entry/*': [
      '..\\*',
      '..\\..\\..\\build\\default\\generated\\profile\\default\\*'
    ]
  },
  collectImportersConfig: undefined
}
[2026-04-15T20:35:09.645] [DEBUG] debug-file - Compile arkts with external api path: C:\Program Files\Huawei\DevEco Studio\sdk\default\hms\ets
[2026-04-15T20:35:09.646] [DEBUG] debug-file - default@CompileArkTS work[0] is submitted.
[2026-04-15T20:35:09.646] [DEBUG] debug-file - default@CompileArkTS work[0] is pushed to ready queue.
[2026-04-15T20:35:09.646] [DEBUG] debug-file - A work dispatched to worker[31] failed because unable to get work from ready queue.
[2026-04-15T20:35:09.646] [DEBUG] debug-file - A work dispatched to worker[30] failed because unable to get work from ready queue.
[2026-04-15T20:35:09.646] [DEBUG] debug-file - A work dispatched to worker[29] failed because unable to get work from ready queue.
[2026-04-15T20:35:09.646] [DEBUG] debug-file - A work dispatched to worker[28] failed because unable to get work from ready queue.
[2026-04-15T20:35:09.646] [DEBUG] debug-file - A work dispatched to worker[27] failed because unable to get work from ready queue.
[2026-04-15T20:35:09.646] [DEBUG] debug-file - A work dispatched to worker[26] failed because unable to get work from ready queue.
[2026-04-15T20:35:09.646] [DEBUG] debug-file - A work dispatched to worker[25] failed because unable to get work from ready queue.
[2026-04-15T20:35:09.646] [DEBUG] debug-file - A work dispatched to worker[24] failed because unable to get work from ready queue.
[2026-04-15T20:35:09.646] [DEBUG] debug-file - A work dispatched to worker[23] failed because unable to get work from ready queue.
[2026-04-15T20:35:09.647] [DEBUG] debug-file - A work dispatched to worker[22] failed because unable to get work from ready queue.
[2026-04-15T20:35:09.647] [DEBUG] debug-file - A work dispatched to worker[21] failed because unable to get work from ready queue.
[2026-04-15T20:35:09.647] [DEBUG] debug-file - A work dispatched to worker[20] failed because unable to get work from ready queue.
[2026-04-15T20:35:09.647] [DEBUG] debug-file - A work dispatched to worker[19] failed because unable to get work from ready queue.
[2026-04-15T20:35:09.647] [DEBUG] debug-file - A work dispatched to worker[18] failed because unable to get work from ready queue.
[2026-04-15T20:35:09.647] [DEBUG] debug-file - A work dispatched to worker[17] failed because unable to get work from ready queue.
[2026-04-15T20:35:09.647] [DEBUG] debug-file - A work dispatched to worker[16] failed because unable to get work from ready queue.
[2026-04-15T20:35:09.647] [DEBUG] debug-file - A work dispatched to worker[15] failed because unable to get work from ready queue.
[2026-04-15T20:35:09.647] [DEBUG] debug-file - A work dispatched to worker[14] failed because unable to get work from ready queue.
[2026-04-15T20:35:09.647] [DEBUG] debug-file - A work dispatched to worker[13] failed because unable to get work from ready queue.
[2026-04-15T20:35:09.647] [DEBUG] debug-file - A work dispatched to worker[12] failed because unable to get work from ready queue.
[2026-04-15T20:35:09.647] [DEBUG] debug-file - A work dispatched to worker[11] failed because unable to get work from ready queue.
[2026-04-15T20:35:09.647] [DEBUG] debug-file - A work dispatched to worker[10] failed because unable to get work from ready queue.
[2026-04-15T20:35:09.647] [DEBUG] debug-file - A work dispatched to worker[9] failed because unable to get work from ready queue.
[2026-04-15T20:35:09.647] [DEBUG] debug-file - A work dispatched to worker[8] failed because unable to get work from ready queue.
[2026-04-15T20:35:09.647] [DEBUG] debug-file - A work dispatched to worker[7] failed because unable to get work from ready queue.
[2026-04-15T20:35:09.647] [DEBUG] debug-file - A work dispatched to worker[6] failed because unable to get work from ready queue.
[2026-04-15T20:35:09.647] [DEBUG] debug-file - A work dispatched to worker[5] failed because unable to get work from ready queue.
[2026-04-15T20:35:09.647] [DEBUG] debug-file - Create  resident worker with id: 4.
[2026-04-15T20:35:09.648] [DEBUG] debug-file - default@CompileArkTS work[0] has been dispatched to worker[4].
[2026-04-15T20:35:09.648] [DEBUG] debug-file - default@CompileArkTS work[0] is dispatched.
[2026-04-15T20:35:09.648] [DEBUG] debug-file - CopyResources startTime: 15064401752500
[2026-04-15T20:35:09.648] [DEBUG] debug-file - default@CompileArkTS work[1] is submitted.
[2026-04-15T20:35:09.648] [DEBUG] debug-file - default@CompileArkTS work[1] is pushed to ready queue.
[2026-04-15T20:35:09.648] [DEBUG] debug-file - A work dispatched to worker[31] failed because unable to get work from ready queue.
[2026-04-15T20:35:09.648] [DEBUG] debug-file - Create  resident worker with id: 30.
[2026-04-15T20:35:09.649] [DEBUG] debug-file - default@CompileArkTS work[1] has been dispatched to worker[30].
[2026-04-15T20:35:09.649] [DEBUG] debug-file - default@CompileArkTS work[1] is dispatched.
[2026-04-15T20:35:09.649] [DEBUG] debug-file - entry : default@CompileArkTS cost memory 1.6159133911132812
[2026-04-15T20:35:09.650] [DEBUG] debug-file - Executing task :entry:default@BuildJS
[2026-04-15T20:35:09.650] [DEBUG] debug-file - Task 'entry:default@BuildJS' cost while wrapping incremental declarations: 1 ms 
[2026-04-15T20:35:09.651] [DEBUG] debug-file - entry : default@BuildJS cost memory 0.153717041015625
[2026-04-15T20:35:09.651] [DEBUG] debug-file - runTaskFromQueue task cost before running: 1 s 975 ms 
[2026-04-15T20:35:09.651] [INFO] debug-file - Finished :entry:default@BuildJS... after 2 ms 
[2026-04-15T20:35:09.652] [DEBUG] debug-file - Executing task :entry:default@CacheNativeLibs
[2026-04-15T20:35:09.652] [DEBUG] debug-file - Task 'entry:default@CacheNativeLibs' cost while wrapping incremental declarations: 1 ms 
[2026-04-15T20:35:09.652] [DEBUG] debug-file - default@CacheNativeLibs work[2] is submitted.
[2026-04-15T20:35:09.653] [DEBUG] debug-file - default@CacheNativeLibs work[2] is pushed to ready queue.
[2026-04-15T20:35:09.653] [DEBUG] debug-file - A work dispatched to worker[31] failed because unable to get work from ready queue.
[2026-04-15T20:35:09.653] [DEBUG] debug-file - A work dispatched to worker[30] failed because of worker busy.
[2026-04-15T20:35:09.653] [DEBUG] debug-file - Create  resident worker with id: 29.
[2026-04-15T20:35:09.653] [DEBUG] debug-file - default@CacheNativeLibs work[2] has been dispatched to worker[29].
[2026-04-15T20:35:09.653] [DEBUG] debug-file - default@CacheNativeLibs work[2] is dispatched.
[2026-04-15T20:35:09.653] [DEBUG] debug-file - entry : default@CacheNativeLibs cost memory 0.14876556396484375
[2026-04-15T20:35:10.497] [DEBUG] debug-file - worker[30] has one work done.
[2026-04-15T20:35:10.498] [DEBUG] debug-file - CopyResources is end, endTime: 15065251360400
[2026-04-15T20:35:10.498] [DEBUG] debug-file - default@CompileArkTS work[1] done.
[2026-04-15T20:35:10.498] [DEBUG] debug-file - A work dispatched to worker[30] failed because unable to get work from ready queue.
[2026-04-15T20:35:10.574] [DEBUG] debug-file - worker[29] has one work done.
[2026-04-15T20:35:10.574] [DEBUG] debug-file - default@CacheNativeLibs work[2] done.
[2026-04-15T20:35:10.574] [DEBUG] debug-file - A work dispatched to worker[29] failed because unable to get work from ready queue.
[2026-04-15T20:35:10.574] [INFO] debug-file - Finished :entry:default@CacheNativeLibs... after 7 ms 
[2026-04-15T20:35:14.998] [DEBUG] debug-file - worker[4] has one work done.
[2026-04-15T20:35:14.999] [DEBUG] debug-file - Ark compile task finished.finished time is 15069751976400
[2026-04-15T20:35:15.000] [DEBUG] debug-file - default@CompileArkTS work[0] done.
[2026-04-15T20:35:15.000] [DEBUG] debug-file - A work dispatched to worker[4] failed because unable to get work from ready queue.
[2026-04-15T20:35:15.001] [INFO] debug-file - Finished :entry:default@CompileArkTS... after 3 s 432 ms 
[2026-04-15T20:35:15.002] [DEBUG] debug-file - Executing task :entry:default@GeneratePkgModuleJson
[2026-04-15T20:35:15.002] [DEBUG] debug-file - File: 'C:\Users\27843\Downloads\RingtoneKit_Codelab_\entry\build\default\intermediates\preload\default\preload.json' from 'preloadSoJsonPath' is not exists, just ignore.
[2026-04-15T20:35:15.003] [DEBUG] debug-file - Error occurs while handling @Input 'shouldDeduplicateHar': The "data" argument must be of type string or an instance of Buffer, TypedArray, or DataView. Received undefined
[2026-04-15T20:35:15.003] [DEBUG] debug-file - Task 'entry:default@GeneratePkgModuleJson' cost while wrapping incremental declarations: 1 ms 
[2026-04-15T20:35:15.004] [DEBUG] debug-file - entry : default@GeneratePkgModuleJson cost memory 0.1523590087890625
[2026-04-15T20:35:15.004] [DEBUG] debug-file - runTaskFromQueue task cost before running: 7 s 328 ms 
[2026-04-15T20:35:15.005] [INFO] debug-file - Finished :entry:default@GeneratePkgModuleJson... after 3 ms 
[2026-04-15T20:35:15.005] [DEBUG] debug-file - Executing task :entry:default@ProcessCompiledResources
[2026-04-15T20:35:15.005] [DEBUG] debug-file - File: 'C:\Users\27843\Downloads\RingtoneKit_Codelab_\entry\build\default\intermediates\preload\default\preload.json' from 'preloadSoJsonPath' is not exists, just ignore.
[2026-04-15T20:35:15.005] [DEBUG] debug-file - Task 'entry:default@ProcessCompiledResources' cost while wrapping incremental declarations: 1 ms 
[2026-04-15T20:35:15.006] [DEBUG] debug-file - entry : default@ProcessCompiledResources cost memory 0.060272216796875
[2026-04-15T20:35:15.006] [DEBUG] debug-file - runTaskFromQueue task cost before running: 7 s 329 ms 
[2026-04-15T20:35:15.006] [INFO] debug-file - Finished :entry:default@ProcessCompiledResources... after 1 ms 
[2026-04-15T20:35:15.008] [DEBUG] debug-file - Executing task :entry:default@PackageHap
[2026-04-15T20:35:15.010] [DEBUG] debug-file - Use tool [C:\Program Files\Huawei\DevEco Studio\sdk\default\openharmony\toolchains\lib\app_packing_tool.jar]
 [
  'java',
  '-Dfile.encoding=GBK',
  '-jar',
  'C:\\Program Files\\Huawei\\DevEco Studio\\sdk\\default\\openharmony\\toolchains\\lib\\app_packing_tool.jar',
  '--mode',
  'hap',
  '--force',
  'true',
  '--lib-path',
  'C:\\Users\\27843\\Downloads\\RingtoneKit_Codelab_\\entry\\build\\default\\intermediates\\stripped_native_libs\\default',
  '--json-path',
  'C:\\Users\\27843\\Downloads\\RingtoneKit_Codelab_\\entry\\build\\default\\intermediates\\package\\default\\module.json',
  '--resources-path',
  'C:\\Users\\27843\\Downloads\\RingtoneKit_Codelab_\\entry\\build\\default\\intermediates\\res\\default\\resources',
  '--index-path',
  'C:\\Users\\27843\\Downloads\\RingtoneKit_Codelab_\\entry\\build\\default\\intermediates\\res\\default\\resources.index',
  '--pack-info-path',
  'C:\\Users\\27843\\Downloads\\RingtoneKit_Codelab_\\entry\\build\\default\\outputs\\default\\pack.info',
  '--out-path',
  'C:\\Users\\27843\\Downloads\\RingtoneKit_Codelab_\\entry\\build\\default\\outputs\\default\\entry-default-unsigned.hap',
  '--ets-path',
  'C:\\Users\\27843\\Downloads\\RingtoneKit_Codelab_\\entry\\build\\default\\intermediates\\loader_out\\default\\ets'
]
[2026-04-15T20:35:15.240] [DEBUG] debug-file - java daemon socket received message:{"code":0,"message":"pack success"}
[2026-04-15T20:35:15.244] [DEBUG] debug-file - entry : default@PackageHap cost memory 0.48654937744140625
[2026-04-15T20:35:15.244] [DEBUG] debug-file - runTaskFromQueue task cost before running: 7 s 568 ms 
[2026-04-15T20:35:15.245] [INFO] debug-file - Finished :entry:default@PackageHap... after 237 ms 
[2026-04-15T20:35:15.246] [DEBUG] debug-file - Executing task :entry:default@PackingCheck
[2026-04-15T20:35:15.252] [DEBUG] debug-file - entry : default@PackingCheck cost memory 0.5747604370117188
[2026-04-15T20:35:15.253] [DEBUG] debug-file - runTaskFromQueue task cost before running: 7 s 576 ms 
[2026-04-15T20:35:15.253] [INFO] debug-file - Finished :entry:default@PackingCheck... after 7 ms 
[2026-04-15T20:35:15.254] [DEBUG] debug-file - Executing task :entry:default@SignHap
[2026-04-15T20:35:15.254] [WARN] debug-file - Will skip sign 'hos_hap'. No signingConfigs profile is configured in current project.
             If needed, configure the signingConfigs in C:\Users\27843\Downloads\RingtoneKit_Codelab_\build-profile.json5.
[2026-04-15T20:35:15.255] [DEBUG] debug-file - entry : default@SignHap cost memory 0.066802978515625
[2026-04-15T20:35:15.255] [DEBUG] debug-file - runTaskFromQueue task cost before running: 7 s 579 ms 
[2026-04-15T20:35:15.255] [INFO] debug-file - Finished :entry:default@SignHap... after 2 ms 
[2026-04-15T20:35:15.256] [DEBUG] debug-file - Executing task :entry:default@CollectDebugSymbol
[2026-04-15T20:35:15.257] [DEBUG] debug-file - entry : default@CollectDebugSymbol cost memory 0.10364532470703125
[2026-04-15T20:35:15.257] [DEBUG] debug-file - runTaskFromQueue task cost before running: 7 s 581 ms 
[2026-04-15T20:35:15.257] [INFO] debug-file - Finished :entry:default@CollectDebugSymbol... after 1 ms 
[2026-04-15T20:35:15.258] [DEBUG] debug-file - Executing task :entry:assembleHap
[2026-04-15T20:35:15.258] [DEBUG] debug-file - entry : assembleHap cost memory 0.01279449462890625
[2026-04-15T20:35:15.258] [DEBUG] debug-file - runTaskFromQueue task cost before running: 7 s 581 ms 
[2026-04-15T20:35:15.258] [INFO] debug-file - Finished :entry:assembleHap... after 1 ms 
[2026-04-15T20:35:15.278] [INFO] debug-file - BUILD SUCCESSFUL in 7 s 601 ms 
[2026-04-15T20:35:15.279] [DEBUG] debug-file - Update task entry:default@PreBuild input file:C:\Users\27843\Downloads\RingtoneKit_Codelab_\AppScope\app.json5 cache by regenerate.
[2026-04-15T20:35:15.280] [DEBUG] debug-file - Update task entry:default@PreBuild input file:C:\Users\27843\Downloads\RingtoneKit_Codelab_\entry\src\main\module.json5 cache by regenerate.
[2026-04-15T20:35:15.280] [DEBUG] debug-file - Update task entry:default@PreBuild input file:C:\Users\27843\Downloads\RingtoneKit_Codelab_\build-profile.json5 cache by regenerate.
[2026-04-15T20:35:15.280] [DEBUG] debug-file - Update task entry:default@PreBuild input file:C:\Users\27843\Downloads\RingtoneKit_Codelab_\entry\build-profile.json5 cache by regenerate.
[2026-04-15T20:35:15.280] [DEBUG] debug-file - Update task entry:default@PreBuild input file:C:\Users\27843\Downloads\RingtoneKit_Codelab_\entry\src\main\resources\base\profile\main_pages.json cache by regenerate.
[2026-04-15T20:35:15.280] [DEBUG] debug-file - Update task entry:default@PreBuild input file:C:\Users\27843\Downloads\RingtoneKit_Codelab_\hvigor\hvigor-config.json5 cache by regenerate.
[2026-04-15T20:35:15.281] [DEBUG] debug-file - Update task entry:default@PreBuild input file:C:\Users\27843\Downloads\RingtoneKit_Codelab_\entry\oh-package.json5 cache by regenerate.
[2026-04-15T20:35:15.281] [DEBUG] debug-file - Update task entry:default@PreBuild input file:C:\Users\27843\Downloads\RingtoneKit_Codelab_\oh-package.json5 cache by regenerate.
[2026-04-15T20:35:15.281] [DEBUG] debug-file - Incremental task entry:default@PreBuild post-execution cost:3 ms .
[2026-04-15T20:35:15.281] [DEBUG] debug-file - Update task entry:default@CreateModuleInfo output file:C:\Users\27843\Downloads\RingtoneKit_Codelab_\entry\build\default\generated\profile\default\ModuleInfo.ts cache.
[2026-04-15T20:35:15.282] [DEBUG] debug-file - Incremental task entry:default@CreateModuleInfo post-execution cost:1 ms .
[2026-04-15T20:35:15.282] [DEBUG] debug-file - Update task entry:default@GenerateMetadata input file:C:\Users\27843\Downloads\RingtoneKit_Codelab_\entry\src\main\module.json5 cache by regenerate.
[2026-04-15T20:35:15.282] [DEBUG] debug-file - Update task entry:default@GenerateMetadata output file:C:\Users\27843\Downloads\RingtoneKit_Codelab_\entry\build\default\intermediates\hap_metadata\default\output_metadata.json cache.
[2026-04-15T20:35:15.282] [DEBUG] debug-file - Incremental task entry:default@GenerateMetadata post-execution cost:1 ms .
[2026-04-15T20:35:15.282] [DEBUG] debug-file - Update task entry:default@MergeProfile input file:C:\Users\27843\Downloads\RingtoneKit_Codelab_\AppScope\app.json5 cache by regenerate.
[2026-04-15T20:35:15.282] [DEBUG] debug-file - Update task entry:default@MergeProfile input file:C:\Users\27843\Downloads\RingtoneKit_Codelab_\build-profile.json5 cache by regenerate.
[2026-04-15T20:35:15.283] [DEBUG] debug-file - Update task entry:default@MergeProfile input file:C:\Users\27843\Downloads\RingtoneKit_Codelab_\entry\src\main\module.json5 cache by regenerate.
[2026-04-15T20:35:15.283] [DEBUG] debug-file - Update task entry:default@MergeProfile output file:C:\Users\27843\Downloads\RingtoneKit_Codelab_\entry\build\default\intermediates\merge_profile\default\module.json cache.
[2026-04-15T20:35:15.283] [DEBUG] debug-file - Incremental task entry:default@MergeProfile post-execution cost:1 ms .
[2026-04-15T20:35:15.283] [DEBUG] debug-file - Update task entry:default@CreateBuildProfile input file:C:\Users\27843\Downloads\RingtoneKit_Codelab_\AppScope\app.json5 cache by regenerate.
[2026-04-15T20:35:15.283] [DEBUG] debug-file - Update task entry:default@CreateBuildProfile input file:C:\Users\27843\Downloads\RingtoneKit_Codelab_\build-profile.json5 cache by regenerate.
[2026-04-15T20:35:15.284] [DEBUG] debug-file - Update task entry:default@CreateBuildProfile output file:C:\Users\27843\Downloads\RingtoneKit_Codelab_\entry\build\default\generated\profile\default\BuildProfile.ets cache.
[2026-04-15T20:35:15.284] [DEBUG] debug-file - Incremental task entry:default@CreateBuildProfile post-execution cost:1 ms .
[2026-04-15T20:35:15.284] [DEBUG] debug-file - Update task entry:default@GeneratePkgContextInfo output file:C:\Users\27843\Downloads\RingtoneKit_Codelab_\entry\build\default\intermediates\loader\default\pkgContextInfo.json cache.
[2026-04-15T20:35:15.284] [DEBUG] debug-file - Incremental task entry:default@GeneratePkgContextInfo post-execution cost:1 ms .
[2026-04-15T20:35:15.284] [DEBUG] debug-file - Update task entry:default@ProcessIntegratedHsp output file:C:\Users\27843\Downloads\RingtoneKit_Codelab_\build\cache\default\integrated_hsp\integratedHspCache.json cache.
[2026-04-15T20:35:15.284] [DEBUG] debug-file - Incremental task entry:default@ProcessIntegratedHsp post-execution cost:1 ms .
[2026-04-15T20:35:15.284] [DEBUG] debug-file - Update task entry:default@MakePackInfo input file:C:\Users\27843\Downloads\RingtoneKit_Codelab_\AppScope\app.json5 cache by regenerate.
[2026-04-15T20:35:15.285] [DEBUG] debug-file - Update task entry:default@MakePackInfo input file:C:\Users\27843\Downloads\RingtoneKit_Codelab_\entry\src\main\module.json5 cache by regenerate.
[2026-04-15T20:35:15.285] [DEBUG] debug-file - Update task entry:default@MakePackInfo input file:C:\Users\27843\Downloads\RingtoneKit_Codelab_\build-profile.json5 cache by regenerate.
[2026-04-15T20:35:15.285] [DEBUG] debug-file - Update task entry:default@MakePackInfo output file:C:\Users\27843\Downloads\RingtoneKit_Codelab_\entry\build\default\outputs\default\pack.info cache.
[2026-04-15T20:35:15.285] [DEBUG] debug-file - Incremental task entry:default@MakePackInfo post-execution cost:1 ms .
[2026-04-15T20:35:15.285] [DEBUG] debug-file - Update task entry:default@SyscapTransform input file:C:\Program Files\Huawei\DevEco Studio\sdk\default\openharmony\toolchains\syscap_tool.exe cache by regenerate.
[2026-04-15T20:35:15.285] [DEBUG] debug-file - Update task entry:default@SyscapTransform input file:C:\Program Files\Huawei\DevEco Studio\sdk\default\openharmony\ets\api\device-define cache by regenerate.
[2026-04-15T20:35:15.286] [DEBUG] debug-file - Update task entry:default@SyscapTransform output file:C:\Users\27843\Downloads\RingtoneKit_Codelab_\entry\build\default\intermediates\syscap\default\rpcid.sc cache.
[2026-04-15T20:35:15.286] [DEBUG] debug-file - Incremental task entry:default@SyscapTransform post-execution cost:2 ms .
[2026-04-15T20:35:15.286] [DEBUG] debug-file - Update task entry:default@ProcessProfile input file:C:\Users\27843\Downloads\RingtoneKit_Codelab_\entry\build\default\intermediates\merge_profile\default\module.json cache by regenerate.
[2026-04-15T20:35:15.287] [DEBUG] debug-file - Update task entry:default@ProcessProfile output file:C:\Users\27843\Downloads\RingtoneKit_Codelab_\entry\build\default\intermediates\process_profile\default\module.json cache.
[2026-04-15T20:35:15.287] [DEBUG] debug-file - Incremental task entry:default@ProcessProfile post-execution cost:1 ms .
[2026-04-15T20:35:15.287] [DEBUG] debug-file - Update task entry:default@ProcessRouterMap input file:C:\Users\27843\Downloads\RingtoneKit_Codelab_\entry\oh-package.json5 cache by regenerate.
[2026-04-15T20:35:15.287] [DEBUG] debug-file - Update task entry:default@ProcessRouterMap input file:C:\Users\27843\Downloads\RingtoneKit_Codelab_\oh-package.json5 cache by regenerate.
[2026-04-15T20:35:15.288] [DEBUG] debug-file - Update task entry:default@ProcessRouterMap input file:C:\Users\27843\Downloads\RingtoneKit_Codelab_\entry\src\main\module.json5 cache by regenerate.
[2026-04-15T20:35:15.288] [DEBUG] debug-file - Update task entry:default@ProcessRouterMap output file:C:\Users\27843\Downloads\RingtoneKit_Codelab_\entry\build\default\intermediates\router_map\default\temp-router-map.json cache.
[2026-04-15T20:35:15.288] [DEBUG] debug-file - Update task entry:default@ProcessRouterMap output file:C:\Users\27843\Downloads\RingtoneKit_Codelab_\entry\build\default\intermediates\router_map\default\loader-router-map.json cache.
[2026-04-15T20:35:15.288] [DEBUG] debug-file - Incremental task entry:default@ProcessRouterMap post-execution cost:2 ms .
[2026-04-15T20:35:15.288] [DEBUG] debug-file - Update task entry:default@ProcessShareConfig input file:C:\Users\27843\Downloads\RingtoneKit_Codelab_\entry\oh-package.json5 cache by regenerate.
[2026-04-15T20:35:15.289] [DEBUG] debug-file - Update task entry:default@ProcessShareConfig input file:C:\Users\27843\Downloads\RingtoneKit_Codelab_\oh-package.json5 cache by regenerate.
[2026-04-15T20:35:15.289] [DEBUG] debug-file - Update task entry:default@ProcessShareConfig input file:C:\Users\27843\Downloads\RingtoneKit_Codelab_\entry\src\main\module.json5 cache by regenerate.
[2026-04-15T20:35:15.289] [DEBUG] debug-file - Update task entry:default@ProcessShareConfig output file:C:\Users\27843\Downloads\RingtoneKit_Codelab_\entry\build\default\intermediates\share_config\default\temp-share-config.json cache.
[2026-04-15T20:35:15.289] [DEBUG] debug-file - Incremental task entry:default@ProcessShareConfig post-execution cost:1 ms .
[2026-04-15T20:35:15.289] [DEBUG] debug-file - Update task entry:default@ProcessStartupConfig output file:C:\Users\27843\Downloads\RingtoneKit_Codelab_\entry\build\default\intermediates\startup\default\startup_config.json cache.
[2026-04-15T20:35:15.289] [DEBUG] debug-file - Incremental task entry:default@ProcessStartupConfig post-execution cost:1 ms .
[2026-04-15T20:35:15.290] [DEBUG] debug-file - Update task entry:default@ProcessResource output file:C:\Users\27843\Downloads\RingtoneKit_Codelab_\entry\build\default\intermediates\res\default\resConfig.json cache.
[2026-04-15T20:35:15.290] [DEBUG] debug-file - Update task entry:default@ProcessResource output file:C:\Users\27843\Downloads\RingtoneKit_Codelab_\entry\build\default\intermediates\res\default\opt-compression.json cache.
[2026-04-15T20:35:15.290] [DEBUG] debug-file - Incremental task entry:default@ProcessResource post-execution cost:1 ms .
[2026-04-15T20:35:15.290] [DEBUG] debug-file - Update task entry:default@GenerateLoaderJson input file:C:\Users\27843\Downloads\RingtoneKit_Codelab_\entry\build\default\intermediates\router_map\default\temp-router-map.json cache by regenerate.
[2026-04-15T20:35:15.291] [DEBUG] debug-file - Update task entry:default@GenerateLoaderJson output file:C:\Users\27843\Downloads\RingtoneKit_Codelab_\entry\build\default\intermediates\loader\default\loader.json cache.
[2026-04-15T20:35:15.291] [DEBUG] debug-file - Incremental task entry:default@GenerateLoaderJson post-execution cost:1 ms .
[2026-04-15T20:35:15.291] [DEBUG] debug-file - Update task entry:default@ProcessLibs input file:C:\Users\27843\Downloads\RingtoneKit_Codelab_\build-profile.json5 cache by regenerate.
[2026-04-15T20:35:15.291] [DEBUG] debug-file - Update task entry:default@ProcessLibs input file:C:\Users\27843\Downloads\RingtoneKit_Codelab_\entry\build-profile.json5 cache by regenerate.
[2026-04-15T20:35:15.291] [DEBUG] debug-file - Update task entry:default@ProcessLibs output file:C:\Users\27843\Downloads\RingtoneKit_Codelab_\entry\build\default\intermediates\libs\default cache.
[2026-04-15T20:35:15.292] [DEBUG] debug-file - Incremental task entry:default@ProcessLibs post-execution cost:1 ms .
[2026-04-15T20:35:15.292] [DEBUG] debug-file - Update task entry:default@CompileResource input file:C:\Users\27843\Downloads\RingtoneKit_Codelab_\entry\src\main\resources cache by regenerate.
[2026-04-15T20:35:15.294] [DEBUG] debug-file - Update task entry:default@CompileResource input file:C:\Users\27843\Downloads\RingtoneKit_Codelab_\AppScope\resources cache by regenerate.
[2026-04-15T20:35:15.294] [DEBUG] debug-file - Update task entry:default@CompileResource input file:C:\Users\27843\Downloads\RingtoneKit_Codelab_\entry\build\default\intermediates\process_profile\default\module.json cache by regenerate.
[2026-04-15T20:35:15.295] [DEBUG] debug-file - Update task entry:default@CompileResource input file:C:\Users\27843\Downloads\RingtoneKit_Codelab_\entry\build\default\intermediates\res\default\resConfig.json cache by regenerate.
[2026-04-15T20:35:15.295] [DEBUG] debug-file - Update task entry:default@CompileResource output file:C:\Users\27843\Downloads\RingtoneKit_Codelab_\entry\build\default\intermediates\res\default cache.
[2026-04-15T20:35:15.297] [DEBUG] debug-file - Update task entry:default@CompileResource output file:C:\Users\27843\Downloads\RingtoneKit_Codelab_\entry\build\default\generated\r\default\ResourceTable.h cache.
[2026-04-15T20:35:15.297] [DEBUG] debug-file - Update task entry:default@CompileResource output file:C:\Users\27843\Downloads\RingtoneKit_Codelab_\entry\build\default\generated\r\default cache.
[2026-04-15T20:35:15.297] [DEBUG] debug-file - Incremental task entry:default@CompileResource post-execution cost:6 ms .
[2026-04-15T20:35:15.298] [DEBUG] debug-file - Update task entry:default@DoNativeStrip input file:C:\Users\27843\Downloads\RingtoneKit_Codelab_\entry\build\default\intermediates\libs\default cache by regenerate.
[2026-04-15T20:35:15.298] [DEBUG] debug-file - Update task entry:default@DoNativeStrip output file:C:\Users\27843\Downloads\RingtoneKit_Codelab_\entry\build\default\intermediates\stripped_native_libs\default cache.
[2026-04-15T20:35:15.298] [DEBUG] debug-file - Incremental task entry:default@DoNativeStrip post-execution cost:1 ms .
[2026-04-15T20:35:15.299] [DEBUG] debug-file - Update task entry:default@CompileArkTS input file:C:\Users\27843\Downloads\RingtoneKit_Codelab_\entry\build\default\intermediates\loader\default cache by regenerate.
[2026-04-15T20:35:15.299] [DEBUG] debug-file - Update task entry:default@CompileArkTS input file:C:\Users\27843\Downloads\RingtoneKit_Codelab_\entry\build\default\intermediates\res\default\resources\rawfile cache by regenerate.
[2026-04-15T20:35:15.299] [DEBUG] debug-file - Update task entry:default@CompileArkTS input file:C:\Users\27843\Downloads\RingtoneKit_Codelab_\entry\build\default\intermediates\res\default\ResourceTable.txt cache by regenerate.
[2026-04-15T20:35:15.299] [DEBUG] debug-file - Update task entry:default@CompileArkTS input file:C:\Users\27843\Downloads\RingtoneKit_Codelab_\entry\build\default\intermediates\res\default\ark_module.json cache by regenerate.
[2026-04-15T20:35:15.300] [DEBUG] debug-file - Update task entry:default@CompileArkTS input file:C:\Users\27843\Downloads\RingtoneKit_Codelab_\entry\build\default\intermediates\res\default\resources\base\profile cache by regenerate.
[2026-04-15T20:35:15.300] [DEBUG] debug-file - Update task entry:default@CompileArkTS input file:C:\Users\27843\Downloads\RingtoneKit_Codelab_\entry\src\main\ets cache by regenerate.
[2026-04-15T20:35:15.300] [DEBUG] debug-file - Update task entry:default@CompileArkTS input file:C:\Users\27843\Downloads\RingtoneKit_Codelab_\entry\build\default\generated\profile\default\BuildProfile.ets cache by regenerate.
[2026-04-15T20:35:15.301] [DEBUG] debug-file - Update task entry:default@CompileArkTS output file:C:\Users\27843\Downloads\RingtoneKit_Codelab_\entry\build\default\intermediates\loader_out\default\ets cache.
[2026-04-15T20:35:15.301] [DEBUG] debug-file - Incremental task entry:default@CompileArkTS post-execution cost:3 ms .
[2026-04-15T20:35:15.302] [DEBUG] debug-file - Update task entry:default@BuildJS input file:C:\Users\27843\Downloads\RingtoneKit_Codelab_\entry\build\default\intermediates\loader\default cache by regenerate.
[2026-04-15T20:35:15.302] [DEBUG] debug-file - Update task entry:default@BuildJS input file:C:\Users\27843\Downloads\RingtoneKit_Codelab_\entry\build\default\intermediates\res\default\resources\rawfile cache by regenerate.
[2026-04-15T20:35:15.302] [DEBUG] debug-file - Update task entry:default@BuildJS input file:C:\Users\27843\Downloads\RingtoneKit_Codelab_\entry\build\default\intermediates\res\default\ResourceTable.txt cache by regenerate.
[2026-04-15T20:35:15.302] [DEBUG] debug-file - Update task entry:default@BuildJS input file:C:\Users\27843\Downloads\RingtoneKit_Codelab_\entry\build\default\intermediates\res\default\ark_module.json cache by regenerate.
[2026-04-15T20:35:15.302] [DEBUG] debug-file - Update task entry:default@BuildJS input file:C:\Users\27843\Downloads\RingtoneKit_Codelab_\entry\build\default\intermediates\res\default\resources\base\profile cache by regenerate.
[2026-04-15T20:35:15.303] [DEBUG] debug-file - Update task entry:default@BuildJS output file:C:\Users\27843\Downloads\RingtoneKit_Codelab_\entry\build\default\intermediates\loader_out\default\js cache.
[2026-04-15T20:35:15.303] [DEBUG] debug-file - Incremental task entry:default@BuildJS post-execution cost:2 ms .
[2026-04-15T20:35:15.303] [DEBUG] debug-file - Update task entry:default@CacheNativeLibs input file:C:\Users\27843\Downloads\RingtoneKit_Codelab_\entry\build\default\intermediates\stripped_native_libs\default cache by regenerate.
[2026-04-15T20:35:15.303] [DEBUG] debug-file - Update task entry:default@CacheNativeLibs input file:C:\Users\27843\Downloads\RingtoneKit_Codelab_\entry\build\default\intermediates\libs\default cache by regenerate.
[2026-04-15T20:35:15.303] [DEBUG] debug-file - Update task entry:default@CacheNativeLibs output file:C:\Users\27843\Downloads\RingtoneKit_Codelab_\entry\build\default\intermediates\patch\default\base_native_libs.json cache.
[2026-04-15T20:35:15.303] [DEBUG] debug-file - Incremental task entry:default@CacheNativeLibs post-execution cost:1 ms .
[2026-04-15T20:35:15.303] [DEBUG] debug-file - Update task entry:default@GeneratePkgModuleJson input file:C:\Users\27843\Downloads\RingtoneKit_Codelab_\entry\build\default\intermediates\res\default\module.json cache by regenerate.
[2026-04-15T20:35:15.303] [DEBUG] debug-file - Update task entry:default@GeneratePkgModuleJson output file:C:\Users\27843\Downloads\RingtoneKit_Codelab_\entry\build\default\intermediates\package\default\module.json cache.
[2026-04-15T20:35:15.304] [DEBUG] debug-file - Incremental task entry:default@GeneratePkgModuleJson post-execution cost:1 ms .
[2026-04-15T20:35:15.304] [DEBUG] debug-file - Incremental task entry:default@ProcessCompiledResources post-execution cost:1 ms .
[2026-04-15T20:35:15.304] [DEBUG] debug-file - Update task entry:default@PackageHap input file:C:\Users\27843\Downloads\RingtoneKit_Codelab_\entry\build\default\intermediates\stripped_native_libs\default cache by regenerate.
[2026-04-15T20:35:15.304] [DEBUG] debug-file - Update task entry:default@PackageHap input file:C:\Users\27843\Downloads\RingtoneKit_Codelab_\entry\build\default\intermediates\res\default\module.json cache by regenerate.
[2026-04-15T20:35:15.304] [DEBUG] debug-file - Update task entry:default@PackageHap input file:C:\Users\27843\Downloads\RingtoneKit_Codelab_\entry\build\default\intermediates\res\default\resources cache by regenerate.
[2026-04-15T20:35:15.305] [DEBUG] debug-file - Update task entry:default@PackageHap input file:C:\Users\27843\Downloads\RingtoneKit_Codelab_\entry\build\default\intermediates\res\default\resources.index cache by regenerate.
[2026-04-15T20:35:15.305] [DEBUG] debug-file - Update task entry:default@PackageHap input file:C:\Users\27843\Downloads\RingtoneKit_Codelab_\entry\build\default\outputs\default\pack.info cache by regenerate.
[2026-04-15T20:35:15.306] [DEBUG] debug-file - Update task entry:default@PackageHap input file:C:\Users\27843\Downloads\RingtoneKit_Codelab_\entry\build\default\intermediates\loader_out\default\ets cache by regenerate.
[2026-04-15T20:35:15.306] [DEBUG] debug-file - Update task entry:default@PackageHap input file:C:\Users\27843\Downloads\RingtoneKit_Codelab_\entry\build\default\intermediates\loader_out\default\ets\sourceMaps.map cache by regenerate.
[2026-04-15T20:35:15.306] [DEBUG] debug-file - Update task entry:default@PackageHap input file:C:\Users\27843\Downloads\RingtoneKit_Codelab_\entry\build\default\generated\profile\default\BuildProfile.ets cache by regenerate.
[2026-04-15T20:35:15.306] [DEBUG] debug-file - Update task entry:default@PackageHap output file:C:\Users\27843\Downloads\RingtoneKit_Codelab_\entry\build\default\outputs\default\entry-default-unsigned.hap cache.
[2026-04-15T20:35:15.307] [DEBUG] debug-file - Update task entry:default@PackageHap output file:C:\Users\27843\Downloads\RingtoneKit_Codelab_\entry\build\default\intermediates\source_map\default\sourceMaps.map cache.
[2026-04-15T20:35:15.307] [DEBUG] debug-file - Update task entry:default@PackageHap output file:C:\Users\27843\Downloads\RingtoneKit_Codelab_\entry\build\default\outputs\default\mapping\sourceMaps.map cache.
[2026-04-15T20:35:15.307] [DEBUG] debug-file - Incremental task entry:default@PackageHap post-execution cost:4 ms .
[2026-04-15T20:35:15.307] [DEBUG] debug-file - Update task entry:default@SignHap input file:C:\Users\27843\Downloads\RingtoneKit_Codelab_\entry\build\default\outputs\default\entry-default-unsigned.hap cache by regenerate.
[2026-04-15T20:35:15.307] [DEBUG] debug-file - Update task entry:default@SignHap output file:C:\Users\27843\Downloads\RingtoneKit_Codelab_\entry\build\default\outputs\default\entry-default-signed.hap cache.
[2026-04-15T20:35:15.307] [DEBUG] debug-file - Incremental task entry:default@SignHap post-execution cost:1 ms .
[2026-04-15T20:35:15.308] [DEBUG] debug-file - Update task entry:default@CollectDebugSymbol input file:C:\Users\27843\Downloads\RingtoneKit_Codelab_\entry\build\default\intermediates\loader_out\default\ets\sourceMaps.map cache by regenerate.
[2026-04-15T20:35:15.308] [DEBUG] debug-file - Update task entry:default@CollectDebugSymbol input file:C:\Users\27843\Downloads\RingtoneKit_Codelab_\entry\build\default\intermediates\libs\default cache by regenerate.
[2026-04-15T20:35:15.308] [DEBUG] debug-file - Update task entry:default@CollectDebugSymbol output file:C:\Users\27843\Downloads\RingtoneKit_Codelab_\entry\build\default\outputs\default\symbol cache.
[2026-04-15T20:35:15.308] [DEBUG] debug-file - Incremental task entry:default@CollectDebugSymbol post-execution cost:1 ms .
[2026-04-15T20:35:15.338] [DEBUG] debug-file - Cleanup worker 0.
[2026-04-15T20:35:15.338] [DEBUG] debug-file - Worker 0 has been cleaned up.
[2026-04-15T20:35:15.338] [DEBUG] debug-file - Current idle worker size: 4.
[2026-04-15T20:35:15.338] [DEBUG] debug-file - Current resident worker size: 5.
[2026-04-15T20:35:15.339] [DEBUG] debug-file - Cleanup worker 1.
[2026-04-15T20:35:15.339] [DEBUG] debug-file - Worker 1 has been cleaned up.
[2026-04-15T20:35:15.339] [DEBUG] debug-file - Current idle worker size: 3.
[2026-04-15T20:35:15.339] [DEBUG] debug-file - Current resident worker size: 5.
[2026-04-15T20:35:15.339] [DEBUG] debug-file - Cleanup worker 30.
[2026-04-15T20:35:15.339] [DEBUG] debug-file - Worker 30 has been cleaned up.
[2026-04-15T20:35:15.339] [DEBUG] debug-file - Current idle worker size: 2.
[2026-04-15T20:35:15.339] [DEBUG] debug-file - Current resident worker size: 5.
[2026-04-15T20:35:15.339] [DEBUG] debug-file - Cleanup worker 29.
[2026-04-15T20:35:15.339] [DEBUG] debug-file - Worker 29 has been cleaned up.
[2026-04-15T20:35:15.339] [DEBUG] debug-file - Current idle worker size: 1.
[2026-04-15T20:35:15.339] [DEBUG] debug-file - Current resident worker size: 5.
[2026-04-15T20:35:15.340] [DEBUG] debug-file - hvigor build process will be closed.
[2026-04-15T20:35:15.341] [DEBUG] debug-file - session manager: send message to worker process.
[2026-04-15T20:35:15.341] [DEBUG] debug-file - session manager: send message to worker process.
[2026-04-15T20:35:15.341] [DEBUG] debug-file - java daemon socket close code:1000 reason:close by user
[2026-04-15T20:35:15.342] [DEBUG] debug-file - watch worker: worker id should be larger than 0. Nothing will be sent to any worker thread.
[2026-04-15T20:35:15.342] [DEBUG] debug-file - watch worker: worker id should be larger than 0. Nothing will be sent to any worker thread.
[2026-04-15T20:35:15.347] [DEBUG] debug-file - worker[0] exits with exit code 1.
[2026-04-15T20:35:15.347] [DEBUG] debug-file - worker[1] exits with exit code 1.
[2026-04-15T20:35:15.350] [DEBUG] debug-file - worker[30] exits with exit code 1.
[2026-04-15T20:35:15.351] [DEBUG] debug-file - worker[29] exits with exit code 1.
